2019-04-15 13:08:59,408 CRIT Set uid to user 0
2019-04-15 13:08:59,408 WARN For [program:rails], AUTO logging used for stderr_logfile without rollover, set maxbytes > 0 to avoid filling up filesystem unintentionally
2019-04-15 13:08:59,410 INFO supervisord started with pid 1
2019-04-15 13:09:00,413 INFO spawned: 'rails' with pid 10
2019-04-15 13:09:01,418 INFO success: rails entered RUNNING state, process has stayed up for > than 1 seconds (startsecs)
2019-04-15 13:09:08,033 INFO exited: rails (exit status 1; not expected)
2019-04-15 13:09:09,037 INFO spawned: 'rails' with pid 20
2019-04-15 13:09:10,039 INFO success: rails entered RUNNING state, process has stayed up for > than 1 seconds (startsecs)
2019-04-16 11:54:01,683 CRIT Set uid to user 0
2019-04-16 11:54:01,686 WARN For [program:rails], AUTO logging used for stderr_logfile without rollover, set maxbytes > 0 to avoid filling up filesystem unintentionally
2019-04-16 11:54:01,714 INFO supervisord started with pid 1
2019-04-16 11:54:02,716 INFO spawned: 'rails' with pid 10
2019-04-16 11:54:03,718 INFO success: rails entered RUNNING state, process has stayed up for > than 1 seconds (startsecs)
2019-04-16 12:48:05,899 WARN received SIGTERM indicating exit request
2019-04-16 12:48:05,899 INFO waiting for rails to die
2019-04-16 12:48:06,021 INFO stopped: rails (exit status 0)
2019-04-16 12:54:24,447 CRIT Set uid to user 0
2019-04-16 12:54:24,461 WARN For [program:rails], AUTO logging used for stderr_logfile without rollover, set maxbytes > 0 to avoid filling up filesystem unintentionally
2019-04-16 12:54:24,471 INFO supervisord started with pid 1
2019-04-16 12:54:25,473 INFO spawned: 'rails' with pid 10
2019-04-16 12:54:26,475 INFO success: rails entered RUNNING state, process has stayed up for > than 1 seconds (startsecs)
2019-04-16 13:38:39,029 INFO reaped unknown pid 122
2019-04-16 15:15:33,708 INFO reaped unknown pid 1566
2019-04-16 15:15:33,708 INFO reaped unknown pid 1567
2019-04-16 15:15:33,709 INFO reaped unknown pid 1568
2019-04-16 15:15:33,709 INFO reaped unknown pid 1570
2019-04-16 15:15:33,709 INFO reaped unknown pid 1639
2019-04-16 15:15:33,710 INFO reaped unknown pid 1688
2019-04-17 09:45:12,445 INFO reaped unknown pid 3396
2019-04-17 09:45:49,694 INFO reaped unknown pid 3399
2019-04-17 09:45:49,921 INFO reaped unknown pid 125
2019-04-17 09:46:03,301 INFO reaped unknown pid 3436
2019-04-17 11:56:50,699 WARN received SIGTERM indicating exit request
2019-04-17 11:56:50,708 INFO waiting for rails to die
2019-04-17 11:56:53,709 INFO waiting for rails to die
2019-04-17 11:56:56,710 INFO waiting for rails to die
2019-04-17 11:56:59,711 INFO waiting for rails to die
2019-04-17 11:57:00,704 WARN killing 'rails' (10) with SIGKILL
2019-04-17 11:57:00,731 INFO stopped: rails (terminated by SIGKILL)
2019-04-17 11:57:23,628 CRIT Set uid to user 0
2019-04-17 11:57:23,629 WARN For [program:rails], AUTO logging used for stderr_logfile without rollover, set maxbytes > 0 to avoid filling up filesystem unintentionally
2019-04-17 11:57:23,631 INFO supervisord started with pid 1
2019-04-17 11:57:24,633 INFO spawned: 'rails' with pid 10
2019-04-17 11:57:25,635 INFO success: rails entered RUNNING state, process has stayed up for > than 1 seconds (startsecs)
2019-04-17 16:16:52,892 WARN received SIGTERM indicating exit request
2019-04-17 16:16:52,893 INFO waiting for rails to die
2019-04-17 16:16:55,894 INFO waiting for rails to die
2019-04-17 16:16:58,895 INFO waiting for rails to die
2019-04-17 16:17:01,897 INFO waiting for rails to die
2019-04-17 16:17:02,892 WARN killing 'rails' (10) with SIGKILL
2019-04-17 16:17:02,922 INFO stopped: rails (terminated by SIGKILL)
2019-04-17 16:17:21,639 CRIT Set uid to user 0
2019-04-17 16:17:21,642 WARN For [program:rails], AUTO logging used for stderr_logfile without rollover, set maxbytes > 0 to avoid filling up filesystem unintentionally
2019-04-17 16:17:21,656 INFO supervisord started with pid 1
2019-04-17 16:17:22,659 INFO spawned: 'rails' with pid 9
2019-04-17 16:17:23,660 INFO success: rails entered RUNNING state, process has stayed up for > than 1 seconds (startsecs)
2019-04-17 16:21:47,960 WARN received SIGTERM indicating exit request
2019-04-17 16:21:47,964 INFO waiting for rails to die
2019-04-17 16:21:50,965 INFO waiting for rails to die
2019-04-17 16:21:53,967 INFO waiting for rails to die
2019-04-17 16:21:56,967 INFO waiting for rails to die
2019-04-17 16:21:57,965 WARN killing 'rails' (9) with SIGKILL
2019-04-17 16:21:57,988 INFO stopped: rails (terminated by SIGKILL)
2019-04-17 16:22:31,419 CRIT Set uid to user 0
2019-04-17 16:22:31,422 WARN For [program:rails], AUTO logging used for stderr_logfile without rollover, set maxbytes > 0 to avoid filling up filesystem unintentionally
2019-04-17 16:22:31,432 INFO supervisord started with pid 1
2019-04-17 16:22:32,438 INFO spawned: 'rails' with pid 10
2019-04-17 16:22:33,440 INFO success: rails entered RUNNING state, process has stayed up for > than 1 seconds (startsecs)
2019-04-17 16:23:59,186 WARN received SIGTERM indicating exit request
2019-04-17 16:23:59,186 INFO waiting for rails to die
2019-04-17 16:24:02,186 INFO waiting for rails to die
2019-04-17 16:24:05,186 INFO waiting for rails to die
2019-04-17 16:24:08,187 INFO waiting for rails to die
2019-04-17 16:24:09,186 WARN killing 'rails' (10) with SIGKILL
2019-04-17 16:24:09,208 INFO stopped: rails (terminated by SIGKILL)
2019-04-17 16:25:22,380 CRIT Set uid to user 0
2019-04-17 16:25:22,380 WARN For [program:rails], AUTO logging used for stderr_logfile without rollover, set maxbytes > 0 to avoid filling up filesystem unintentionally
2019-04-17 16:25:22,383 INFO supervisord started with pid 1
2019-04-17 16:25:23,384 INFO spawned: 'rails' with pid 9
2019-04-17 16:25:24,386 INFO success: rails entered RUNNING state, process has stayed up for > than 1 seconds (startsecs)
2019-04-17 19:49:56,381 WARN received SIGTERM indicating exit request
2019-04-17 19:49:56,384 INFO waiting for rails to die
2019-04-17 19:49:59,385 INFO waiting for rails to die
2019-04-17 19:50:02,387 INFO waiting for rails to die
2019-04-17 19:50:05,388 INFO waiting for rails to die
2019-04-17 19:50:06,384 WARN killing 'rails' (9) with SIGKILL
2019-04-17 19:50:06,407 INFO stopped: rails (terminated by SIGKILL)
2019-04-17 19:51:36,319 CRIT Set uid to user 0
2019-04-17 19:51:36,319 WARN For [program:rails], AUTO logging used for stderr_logfile without rollover, set maxbytes > 0 to avoid filling up filesystem unintentionally
2019-04-17 19:51:36,320 INFO supervisord started with pid 1
2019-04-17 19:51:37,322 INFO spawned: 'rails' with pid 9
2019-04-17 19:51:38,326 INFO success: rails entered RUNNING state, process has stayed up for > than 1 seconds (startsecs)
2019-04-17 19:51:44,826 INFO exited: rails (exit status 1; not expected)
2019-04-17 19:51:45,829 INFO spawned: 'rails' with pid 13
2019-04-17 19:51:46,831 INFO success: rails entered RUNNING state, process has stayed up for > than 1 seconds (startsecs)
2019-04-17 19:53:47,107 WARN received SIGTERM indicating exit request
2019-04-17 19:53:47,107 INFO waiting for rails to die
2019-04-17 20:55:41,178 CRIT Set uid to user 0
2019-04-17 20:55:41,178 WARN For [program:rails], AUTO logging used for stderr_logfile without rollover, set maxbytes > 0 to avoid filling up filesystem unintentionally
2019-04-17 20:55:41,180 INFO supervisord started with pid 1
2019-04-17 20:55:42,182 INFO spawned: 'rails' with pid 10
2019-04-17 20:55:43,184 INFO success: rails entered RUNNING state, process has stayed up for > than 1 seconds (startsecs)
2019-04-17 21:07:14,019 CRIT Set uid to user 0
2019-04-17 21:07:14,019 WARN For [program:rails], AUTO logging used for stderr_logfile without rollover, set maxbytes > 0 to avoid filling up filesystem unintentionally
2019-04-17 21:07:14,021 INFO supervisord started with pid 1
2019-04-17 21:07:15,023 INFO spawned: 'rails' with pid 10
2019-04-17 21:07:16,025 INFO success: rails entered RUNNING state, process has stayed up for > than 1 seconds (startsecs)
2019-04-17 21:12:16,738 WARN received SIGTERM indicating exit request
2019-04-17 21:12:16,738 INFO waiting for rails to die
2019-04-17 21:12:19,739 INFO waiting for rails to die
2019-04-17 21:12:22,740 INFO waiting for rails to die
2019-04-17 21:12:25,741 INFO waiting for rails to die
2019-04-17 21:12:26,739 WARN killing 'rails' (10) with SIGKILL
2019-04-17 21:12:26,764 INFO stopped: rails (terminated by SIGKILL)
2019-04-17 21:13:57,238 CRIT Set uid to user 0
2019-04-17 21:13:57,238 WARN For [program:rails], AUTO logging used for stderr_logfile without rollover, set maxbytes > 0 to avoid filling up filesystem unintentionally
2019-04-17 21:13:57,240 INFO supervisord started with pid 1
2019-04-17 21:13:58,242 INFO spawned: 'rails' with pid 10
2019-04-17 21:13:59,243 INFO success: rails entered RUNNING state, process has stayed up for > than 1 seconds (startsecs)
2019-04-17 21:14:05,555 INFO exited: rails (exit status 1; not expected)
2019-04-17 21:14:06,558 INFO spawned: 'rails' with pid 14
2019-04-17 21:14:07,560 INFO success: rails entered RUNNING state, process has stayed up for > than 1 seconds (startsecs)
2019-04-17 21:29:09,856 WARN received SIGTERM indicating exit request
2019-04-17 21:29:09,856 INFO waiting for rails to die
2019-04-17 21:29:12,857 INFO waiting for rails to die
2019-04-17 21:29:15,858 INFO waiting for rails to die
2019-04-17 21:29:18,859 INFO waiting for rails to die
2019-04-17 21:29:19,858 WARN killing 'rails' (14) with SIGKILL
2019-04-17 21:29:19,881 INFO stopped: rails (terminated by SIGKILL)
2019-04-17 21:29:38,564 CRIT Set uid to user 0
2019-04-17 21:29:38,565 WARN For [program:rails], AUTO logging used for stderr_logfile without rollover, set maxbytes > 0 to avoid filling up filesystem unintentionally
2019-04-17 21:29:38,567 INFO supervisord started with pid 1
2019-04-17 21:29:39,569 INFO spawned: 'rails' with pid 10
2019-04-17 21:29:40,571 INFO success: rails entered RUNNING state, process has stayed up for > than 1 seconds (startsecs)
2019-04-17 21:41:22,432 WARN received SIGTERM indicating exit request
2019-04-17 21:41:22,432 INFO waiting for rails to die
2019-04-17 21:41:25,433 INFO waiting for rails to die
2019-04-17 21:41:28,434 INFO waiting for rails to die
2019-04-17 21:41:31,435 INFO waiting for rails to die
2019-04-17 21:41:32,433 WARN killing 'rails' (10) with SIGKILL
2019-04-17 21:41:32,455 INFO stopped: rails (terminated by SIGKILL)
2019-04-17 21:42:38,893 CRIT Set uid to user 0
2019-04-17 21:42:38,893 WARN For [program:rails], AUTO logging used for stderr_logfile without rollover, set maxbytes > 0 to avoid filling up filesystem unintentionally
2019-04-17 21:42:38,896 INFO supervisord started with pid 1
2019-04-17 21:42:39,899 INFO spawned: 'rails' with pid 9
2019-04-17 21:42:40,901 INFO success: rails entered RUNNING state, process has stayed up for > than 1 seconds (startsecs)
2019-04-17 21:57:18,744 WARN received SIGTERM indicating exit request
2019-04-17 21:57:18,744 INFO waiting for rails to die
2019-04-17 21:57:21,750 INFO waiting for rails to die
2019-04-17 21:57:24,751 INFO waiting for rails to die
2019-04-17 21:57:27,757 INFO waiting for rails to die
2019-04-17 21:57:28,744 WARN killing 'rails' (9) with SIGKILL
2019-04-17 21:57:28,773 INFO stopped: rails (terminated by SIGKILL)
2019-04-17 21:58:53,647 CRIT Set uid to user 0
2019-04-17 21:58:53,647 WARN For [program:rails], AUTO logging used for stderr_logfile without rollover, set maxbytes > 0 to avoid filling up filesystem unintentionally
2019-04-17 21:58:53,653 INFO supervisord started with pid 1
2019-04-17 21:58:54,655 INFO spawned: 'rails' with pid 10
2019-04-17 21:58:55,657 INFO success: rails entered RUNNING state, process has stayed up for > than 1 seconds (startsecs)
2019-04-17 22:00:07,659 WARN received SIGTERM indicating exit request
2019-04-17 22:00:07,659 INFO waiting for rails to die
2019-04-17 22:00:10,661 INFO waiting for rails to die
2019-04-17 22:00:13,661 INFO waiting for rails to die
2019-04-17 22:00:16,663 INFO waiting for rails to die
2019-04-17 22:00:17,660 WARN killing 'rails' (10) with SIGKILL
2019-04-17 22:00:17,685 INFO stopped: rails (terminated by SIGKILL)
2019-04-22 15:07:03,666 CRIT Set uid to user 0
2019-04-22 15:07:03,666 WARN For [program:rails], AUTO logging used for stderr_logfile without rollover, set maxbytes > 0 to avoid filling up filesystem unintentionally
2019-04-22 15:07:03,669 INFO supervisord started with pid 1
2019-04-22 15:07:04,671 INFO spawned: 'rails' with pid 9
2019-04-22 15:07:05,678 INFO success: rails entered RUNNING state, process has stayed up for > than 1 seconds (startsecs)
2019-04-22 15:32:59,029 WARN received SIGTERM indicating exit request
2019-04-22 15:32:59,030 INFO waiting for rails to die
2019-04-22 15:33:02,030 INFO waiting for rails to die
2019-04-22 15:33:05,031 INFO waiting for rails to die
2019-04-22 15:33:08,034 INFO waiting for rails to die
2019-04-22 15:33:09,030 WARN killing 'rails' (9) with SIGKILL
2019-04-22 15:33:09,054 INFO stopped: rails (terminated by SIGKILL)
2019-04-22 15:35:06,498 CRIT Set uid to user 0
2019-04-22 15:35:06,514 WARN For [program:rails], AUTO logging used for stderr_logfile without rollover, set maxbytes > 0 to avoid filling up filesystem unintentionally
2019-04-22 15:35:06,526 INFO supervisord started with pid 1
2019-04-22 15:35:07,528 INFO spawned: 'rails' with pid 10
2019-04-22 15:35:08,533 INFO success: rails entered RUNNING state, process has stayed up for > than 1 seconds (startsecs)
2019-04-22 15:39:01,733 WARN received SIGTERM indicating exit request
2019-04-22 15:39:01,733 INFO waiting for rails to die
2019-04-22 15:39:04,734 INFO waiting for rails to die
2019-04-22 15:39:07,734 INFO waiting for rails to die
2019-04-22 15:39:10,734 INFO waiting for rails to die
2019-04-22 15:39:11,734 WARN killing 'rails' (10) with SIGKILL
2019-04-22 15:39:11,753 INFO stopped: rails (terminated by SIGKILL)
2019-04-22 15:42:23,173 CRIT Set uid to user 0
2019-04-22 15:42:23,173 WARN For [program:rails], AUTO logging used for stderr_logfile without rollover, set maxbytes > 0 to avoid filling up filesystem unintentionally
2019-04-22 15:42:23,175 INFO supervisord started with pid 1
2019-04-22 15:42:24,177 INFO spawned: 'rails' with pid 10
2019-04-22 15:42:25,178 INFO success: rails entered RUNNING state, process has stayed up for > than 1 seconds (startsecs)
2019-04-22 15:42:31,057 INFO exited: rails (exit status 1; not expected)
2019-04-22 15:42:32,062 INFO spawned: 'rails' with pid 20
2019-04-22 15:42:33,063 INFO success: rails entered RUNNING state, process has stayed up for > than 1 seconds (startsecs)
2019-04-22 15:49:09,994 WARN received SIGTERM indicating exit request
2019-04-22 15:49:09,995 INFO waiting for rails to die
2019-04-22 15:49:12,996 INFO waiting for rails to die
2019-04-22 15:49:15,997 INFO waiting for rails to die
2019-04-22 15:49:19,000 INFO waiting for rails to die
2019-04-22 15:49:19,996 WARN killing 'rails' (20) with SIGKILL
2019-04-22 15:49:20,014 INFO stopped: rails (terminated by SIGKILL)
2019-04-22 15:50:00,954 CRIT Set uid to user 0
2019-04-22 15:50:00,954 WARN For [program:rails], AUTO logging used for stderr_logfile without rollover, set maxbytes > 0 to avoid filling up filesystem unintentionally
2019-04-22 15:50:00,956 INFO supervisord started with pid 1
2019-04-22 15:50:01,959 INFO spawned: 'rails' with pid 10
2019-04-22 15:50:02,963 INFO success: rails entered RUNNING state, process has stayed up for > than 1 seconds (startsecs)
2019-04-22 15:52:18,343 WARN received SIGTERM indicating exit request
2019-04-22 15:52:18,344 INFO waiting for rails to die
2019-04-22 15:52:21,344 INFO waiting for rails to die
2019-04-22 15:52:24,345 INFO waiting for rails to die
2019-04-22 15:52:27,345 INFO waiting for rails to die
2019-04-22 15:52:28,344 WARN killing 'rails' (10) with SIGKILL
2019-04-22 15:52:28,363 INFO stopped: rails (terminated by SIGKILL)
2019-04-22 15:56:17,368 CRIT Set uid to user 0
2019-04-22 15:56:17,368 WARN For [program:rails], AUTO logging used for stderr_logfile without rollover, set maxbytes > 0 to avoid filling up filesystem unintentionally
2019-04-22 15:56:17,370 INFO supervisord started with pid 1
2019-04-22 15:56:18,372 INFO spawned: 'rails' with pid 10
2019-04-22 15:56:19,373 INFO success: rails entered RUNNING state, process has stayed up for > than 1 seconds (startsecs)
2019-04-22 15:56:25,044 INFO exited: rails (exit status 1; not expected)
2019-04-22 15:56:26,051 INFO spawned: 'rails' with pid 14
2019-04-22 15:56:27,056 INFO success: rails entered RUNNING state, process has stayed up for > than 1 seconds (startsecs)
2019-04-22 15:59:51,794 WARN received SIGTERM indicating exit request
2019-04-22 15:59:51,795 INFO waiting for rails to die
2019-04-22 15:59:54,796 INFO waiting for rails to die
2019-04-22 15:59:57,797 INFO waiting for rails to die
2019-04-22 16:00:00,797 INFO waiting for rails to die
2019-04-22 16:00:01,803 WARN killing 'rails' (14) with SIGKILL
2019-04-22 16:00:01,829 INFO stopped: rails (terminated by SIGKILL)
2019-04-22 16:00:52,533 CRIT Set uid to user 0
2019-04-22 16:00:52,535 WARN For [program:rails], AUTO logging used for stderr_logfile without rollover, set maxbytes > 0 to avoid filling up filesystem unintentionally
2019-04-22 16:00:52,550 INFO supervisord started with pid 1
2019-04-22 16:00:53,552 INFO spawned: 'rails' with pid 17
2019-04-22 16:00:54,554 INFO success: rails entered RUNNING state, process has stayed up for > than 1 seconds (startsecs)
2019-04-22 16:01:40,809 WARN received SIGTERM indicating exit request
2019-04-22 16:01:40,809 INFO waiting for rails to die
2019-04-22 16:01:43,810 INFO waiting for rails to die
2019-04-22 16:01:46,810 INFO waiting for rails to die
2019-04-22 16:01:49,811 INFO waiting for rails to die
2019-04-22 16:01:50,810 WARN killing 'rails' (17) with SIGKILL
2019-04-22 16:01:50,829 INFO stopped: rails (terminated by SIGKILL)
2019-04-22 16:03:22,738 CRIT Set uid to user 0
2019-04-22 16:03:22,738 WARN For [program:rails], AUTO logging used for stderr_logfile without rollover, set maxbytes > 0 to avoid filling up filesystem unintentionally
2019-04-22 16:03:22,740 INFO supervisord started with pid 1
2019-04-22 16:03:23,743 INFO spawned: 'rails' with pid 10
2019-04-22 16:03:24,746 INFO success: rails entered RUNNING state, process has stayed up for > than 1 seconds (startsecs)
2019-04-22 16:04:08,332 WARN received SIGTERM indicating exit request
2019-04-22 16:04:08,333 INFO waiting for rails to die
2019-04-22 16:04:11,334 INFO waiting for rails to die
2019-04-22 16:04:14,334 INFO waiting for rails to die
2019-04-22 16:04:17,335 INFO waiting for rails to die
2019-04-22 16:04:18,333 WARN killing 'rails' (10) with SIGKILL
2019-04-22 16:04:18,352 INFO stopped: rails (terminated by SIGKILL)
2019-04-22 16:09:54,392 CRIT Set uid to user 0
2019-04-22 16:09:54,392 WARN For [program:rails], AUTO logging used for stderr_logfile without rollover, set maxbytes > 0 to avoid filling up filesystem unintentionally
2019-04-22 16:09:54,394 INFO supervisord started with pid 1
2019-04-22 16:09:55,395 INFO spawned: 'rails' with pid 16
2019-04-22 16:09:56,397 INFO success: rails entered RUNNING state, process has stayed up for > than 1 seconds (startsecs)
2019-04-22 16:15:01,856 WARN received SIGTERM indicating exit request
2019-04-22 16:15:01,856 INFO waiting for rails to die
2019-04-22 16:15:04,857 INFO waiting for rails to die
2019-04-22 16:15:07,859 INFO waiting for rails to die
2019-04-22 16:15:10,860 INFO waiting for rails to die
2019-04-22 16:15:11,857 WARN killing 'rails' (16) with SIGKILL
2019-04-22 16:15:11,883 INFO stopped: rails (terminated by SIGKILL)
2019-04-22 16:16:15,324 CRIT Set uid to user 0
2019-04-22 16:16:15,324 WARN For [program:rails], AUTO logging used for stderr_logfile without rollover, set maxbytes > 0 to avoid filling up filesystem unintentionally
2019-04-22 16:16:15,330 INFO supervisord started with pid 1
2019-04-22 16:16:16,335 INFO spawned: 'rails' with pid 10
2019-04-22 16:16:17,337 INFO success: rails entered RUNNING state, process has stayed up for > than 1 seconds (startsecs)
2019-04-22 16:40:18,679 WARN received SIGTERM indicating exit request
2019-04-22 16:40:18,680 INFO waiting for rails to die
2019-04-22 16:40:21,680 INFO waiting for rails to die
2019-04-22 16:40:24,681 INFO waiting for rails to die
2019-04-22 16:40:27,682 INFO waiting for rails to die
2019-04-22 16:40:28,680 WARN killing 'rails' (10) with SIGKILL
2019-04-22 16:40:28,705 INFO stopped: rails (terminated by SIGKILL)
2019-04-22 16:40:53,403 CRIT Set uid to user 0
2019-04-22 16:40:53,406 WARN For [program:rails], AUTO logging used for stderr_logfile without rollover, set maxbytes > 0 to avoid filling up filesystem unintentionally
2019-04-22 16:40:53,418 INFO supervisord started with pid 1
2019-04-22 16:40:54,421 INFO spawned: 'rails' with pid 16
2019-04-22 16:40:55,426 INFO success: rails entered RUNNING state, process has stayed up for > than 1 seconds (startsecs)
2019-04-22 16:41:34,935 WARN received SIGTERM indicating exit request
2019-04-22 16:41:34,935 INFO waiting for rails to die
2019-04-22 16:41:37,935 INFO waiting for rails to die
2019-04-22 16:41:40,936 INFO waiting for rails to die
2019-04-22 16:41:43,937 INFO waiting for rails to die
2019-04-22 16:41:44,936 WARN killing 'rails' (16) with SIGKILL
2019-04-22 16:41:44,958 INFO stopped: rails (terminated by SIGKILL)
2019-04-22 16:42:53,621 CRIT Set uid to user 0
2019-04-22 16:42:53,621 WARN For [program:rails], AUTO logging used for stderr_logfile without rollover, set maxbytes > 0 to avoid filling up filesystem unintentionally
2019-04-22 16:42:53,623 INFO supervisord started with pid 1
2019-04-22 16:42:54,627 INFO spawned: 'rails' with pid 10
2019-04-22 16:42:55,629 INFO success: rails entered RUNNING state, process has stayed up for > than 1 seconds (startsecs)
2019-04-22 17:55:25,459 WARN received SIGTERM indicating exit request
2019-04-22 17:55:25,460 INFO waiting for rails to die
2019-04-22 17:55:25,586 INFO stopped: rails (exit status 0)
2019-04-22 17:55:42,907 CRIT Set uid to user 0
2019-04-22 17:55:42,910 WARN For [program:rails], AUTO logging used for stderr_logfile without rollover, set maxbytes > 0 to avoid filling up filesystem unintentionally
2019-04-22 17:55:42,929 INFO supervisord started with pid 1
2019-04-22 17:55:43,930 INFO spawned: 'rails' with pid 9
2019-04-22 17:55:44,935 INFO success: rails entered RUNNING state, process has stayed up for > than 1 seconds (startsecs)
2019-04-22 18:15:53,411 WARN received SIGTERM indicating exit request
2019-04-22 18:15:53,412 INFO waiting for rails to die
2019-04-22 18:15:53,553 INFO stopped: rails (exit status 0)
2019-04-22 18:16:21,095 CRIT Set uid to user 0
2019-04-22 18:16:21,096 WARN For [program:rails], AUTO logging used for stderr_logfile without rollover, set maxbytes > 0 to avoid filling up filesystem unintentionally
2019-04-22 18:16:21,098 INFO supervisord started with pid 1
2019-04-22 18:16:22,102 INFO spawned: 'rails' with pid 9
2019-04-22 18:16:23,104 INFO success: rails entered RUNNING state, process has stayed up for > than 1 seconds (startsecs)
2019-04-22 18:28:25,227 INFO reaped unknown pid 96
2019-04-22 18:31:58,267 WARN received SIGTERM indicating exit request
2019-04-22 18:31:58,267 INFO waiting for rails to die
2019-04-22 18:31:58,337 INFO stopped: rails (exit status 0)
2019-04-22 18:49:25,945 CRIT Set uid to user 0
2019-04-22 18:49:25,950 WARN For [program:rails], AUTO logging used for stderr_logfile without rollover, set maxbytes > 0 to avoid filling up filesystem unintentionally
2019-04-22 18:49:25,957 INFO supervisord started with pid 1
2019-04-22 18:49:26,959 INFO spawned: 'rails' with pid 9
2019-04-22 18:49:27,961 INFO success: rails entered RUNNING state, process has stayed up for > than 1 seconds (startsecs)
2019-04-22 19:00:25,645 INFO reaped unknown pid 76
2019-04-22 19:15:05,034 WARN received SIGTERM indicating exit request
2019-04-22 19:15:05,034 INFO waiting for rails to die
2019-04-22 19:15:05,191 INFO stopped: rails (exit status 0)
2019-04-22 19:15:21,895 CRIT Set uid to user 0
2019-04-22 19:15:21,895 WARN For [program:rails], AUTO logging used for stderr_logfile without rollover, set maxbytes > 0 to avoid filling up filesystem unintentionally
2019-04-22 19:15:21,902 INFO supervisord started with pid 1
2019-04-22 19:15:22,907 INFO spawned: 'rails' with pid 10
2019-04-22 19:15:23,909 INFO success: rails entered RUNNING state, process has stayed up for > than 1 seconds (startsecs)
2019-04-23 07:46:35,739 WARN received SIGTERM indicating exit request
2019-04-23 07:46:35,739 INFO waiting for rails to die
2019-04-23 07:46:35,798 INFO stopped: rails (exit status 0)
2019-04-23 07:51:51,141 CRIT Set uid to user 0
2019-04-23 07:51:51,157 WARN For [program:rails], AUTO logging used for stderr_logfile without rollover, set maxbytes > 0 to avoid filling up filesystem unintentionally
2019-04-23 07:51:51,163 INFO supervisord started with pid 1
2019-04-23 07:51:52,165 INFO spawned: 'rails' with pid 9
2019-04-23 07:51:53,166 INFO success: rails entered RUNNING state, process has stayed up for > than 1 seconds (startsecs)
2019-04-23 08:00:24,651 INFO reaped unknown pid 61
2019-04-23 13:53:47,837 INFO exited: rails (exit status 1; not expected)
2019-04-23 13:53:48,863 INFO spawned: 'rails' with pid 5044
2019-04-23 13:53:49,868 INFO success: rails entered RUNNING state, process has stayed up for > than 1 seconds (startsecs)
2019-04-23 13:53:58,933 INFO exited: rails (exit status 1; not expected)
2019-04-23 13:53:59,937 INFO spawned: 'rails' with pid 5049
2019-04-23 13:54:00,938 INFO success: rails entered RUNNING state, process has stayed up for > than 1 seconds (startsecs)
2019-04-23 13:54:08,904 INFO exited: rails (exit status 1; not expected)
2019-04-23 13:54:09,908 INFO spawned: 'rails' with pid 5054
2019-04-23 13:54:10,910 INFO success: rails entered RUNNING state, process has stayed up for > than 1 seconds (startsecs)
2019-04-23 13:54:18,760 INFO exited: rails (exit status 1; not expected)
2019-04-23 13:54:19,765 INFO spawned: 'rails' with pid 5059
2019-04-23 13:54:20,767 INFO success: rails entered RUNNING state, process has stayed up for > than 1 seconds (startsecs)
2019-04-23 13:54:28,919 INFO exited: rails (exit status 1; not expected)
2019-04-23 13:54:29,922 INFO spawned: 'rails' with pid 5064
2019-04-23 13:54:30,923 INFO success: rails entered RUNNING state, process has stayed up for > than 1 seconds (startsecs)
2019-04-23 13:54:40,407 INFO exited: rails (exit status 1; not expected)
2019-04-23 13:54:41,411 INFO spawned: 'rails' with pid 5069
2019-04-23 13:54:42,413 INFO success: rails entered RUNNING state, process has stayed up for > than 1 seconds (startsecs)
2019-04-23 13:54:50,869 INFO exited: rails (exit status 1; not expected)
2019-04-23 13:54:51,875 INFO spawned: 'rails' with pid 5074
2019-04-23 13:54:52,878 INFO success: rails entered RUNNING state, process has stayed up for > than 1 seconds (startsecs)
2019-04-23 13:58:37,286 INFO exited: rails (exit status 1; not expected)
2019-04-23 13:58:38,290 INFO spawned: 'rails' with pid 5230
2019-04-23 13:58:39,292 INFO success: rails entered RUNNING state, process has stayed up for > than 1 seconds (startsecs)
2019-04-23 13:58:47,537 INFO exited: rails (exit status 1; not expected)
2019-04-23 13:58:48,540 INFO spawned: 'rails' with pid 5235
2019-04-23 13:58:49,542 INFO success: rails entered RUNNING state, process has stayed up for > than 1 seconds (startsecs)
2019-04-23 13:58:57,934 INFO exited: rails (exit status 1; not expected)
2019-04-23 13:58:58,938 INFO spawned: 'rails' with pid 5240
2019-04-23 13:58:59,940 INFO success: rails entered RUNNING state, process has stayed up for > than 1 seconds (startsecs)
2019-04-23 13:59:07,578 INFO exited: rails (exit status 1; not expected)
2019-04-23 13:59:08,582 INFO spawned: 'rails' with pid 5245
2019-04-23 13:59:09,584 INFO success: rails entered RUNNING state, process has stayed up for > than 1 seconds (startsecs)
2019-04-23 13:59:19,161 INFO exited: rails (exit status 1; not expected)
2019-04-23 13:59:20,165 INFO spawned: 'rails' with pid 5250
2019-04-23 13:59:21,167 INFO success: rails entered RUNNING state, process has stayed up for > than 1 seconds (startsecs)
2019-04-23 13:59:29,262 INFO exited: rails (exit status 1; not expected)
2019-04-23 13:59:30,267 INFO spawned: 'rails' with pid 5255
2019-04-23 13:59:31,270 INFO success: rails entered RUNNING state, process has stayed up for > than 1 seconds (startsecs)
2019-04-23 13:59:39,601 INFO exited: rails (exit status 1; not expected)
2019-04-23 13:59:40,605 INFO spawned: 'rails' with pid 5260
2019-04-23 13:59:41,606 INFO success: rails entered RUNNING state, process has stayed up for > than 1 seconds (startsecs)
2019-04-23 14:05:02,961 WARN received SIGTERM indicating exit request
2019-04-23 14:05:02,968 INFO waiting for rails to die
2019-04-23 14:05:05,967 INFO waiting for rails to die
2019-04-23 14:05:08,969 INFO waiting for rails to die
2019-04-23 14:05:11,969 INFO waiting for rails to die
2019-04-23 14:05:12,970 WARN killing 'rails' (5260) with SIGKILL
2019-04-23 14:06:57,112 CRIT Set uid to user 0
2019-04-23 14:06:57,112 WARN For [program:rails], AUTO logging used for stderr_logfile without rollover, set maxbytes > 0 to avoid filling up filesystem unintentionally
2019-04-23 14:06:57,115 INFO supervisord started with pid 1
2019-04-23 14:06:58,118 INFO spawned: 'rails' with pid 10
2019-04-23 14:06:59,122 INFO success: rails entered RUNNING state, process has stayed up for > than 1 seconds (startsecs)
2019-04-23 14:10:26,744 WARN received SIGTERM indicating exit request
2019-04-23 14:10:26,744 INFO waiting for rails to die
2019-04-23 14:10:29,745 INFO waiting for rails to die
2019-04-23 14:10:32,745 INFO waiting for rails to die
2019-04-23 14:10:35,746 INFO waiting for rails to die
2019-04-23 14:10:36,746 WARN killing 'rails' (10) with SIGKILL
2019-04-23 14:10:36,769 INFO stopped: rails (terminated by SIGKILL)
2019-04-23 14:12:48,195 CRIT Set uid to user 0
2019-04-23 14:12:48,195 WARN For [program:rails], AUTO logging used for stderr_logfile without rollover, set maxbytes > 0 to avoid filling up filesystem unintentionally
2019-04-23 14:12:48,197 INFO supervisord started with pid 1
2019-04-23 14:12:49,201 INFO spawned: 'rails' with pid 9
2019-04-23 14:12:50,205 INFO success: rails entered RUNNING state, process has stayed up for > than 1 seconds (startsecs)
2019-04-23 14:20:35,012 WARN received SIGTERM indicating exit request
2019-04-23 14:20:35,012 INFO waiting for rails to die
2019-04-23 14:20:38,013 INFO waiting for rails to die
2019-04-23 14:20:41,013 INFO waiting for rails to die
2019-04-23 14:20:44,014 INFO waiting for rails to die
2019-04-23 14:20:45,012 WARN killing 'rails' (9) with SIGKILL
2019-04-23 14:20:45,039 INFO stopped: rails (terminated by SIGKILL)
2019-04-23 14:21:54,034 CRIT Set uid to user 0
2019-04-23 14:21:54,034 WARN For [program:rails], AUTO logging used for stderr_logfile without rollover, set maxbytes > 0 to avoid filling up filesystem unintentionally
2019-04-23 14:21:54,036 INFO supervisord started with pid 1
2019-04-23 14:21:55,039 INFO spawned: 'rails' with pid 9
2019-04-23 14:21:56,042 INFO success: rails entered RUNNING state, process has stayed up for > than 1 seconds (startsecs)
2019-04-23 14:22:02,694 INFO exited: rails (exit status 1; not expected)
2019-04-23 14:22:03,698 INFO spawned: 'rails' with pid 13
2019-04-23 14:22:04,700 INFO success: rails entered RUNNING state, process has stayed up for > than 1 seconds (startsecs)
2019-04-23 14:23:22,178 WARN received SIGTERM indicating exit request
2019-04-23 14:23:22,179 INFO waiting for rails to die
2019-04-23 14:23:25,179 INFO waiting for rails to die
2019-04-23 14:23:28,180 INFO waiting for rails to die
2019-04-23 14:23:31,180 INFO waiting for rails to die
2019-04-23 14:23:32,193 WARN killing 'rails' (13) with SIGKILL
2019-04-23 14:24:03,717 CRIT Set uid to user 0
2019-04-23 14:24:03,722 WARN For [program:rails], AUTO logging used for stderr_logfile without rollover, set maxbytes > 0 to avoid filling up filesystem unintentionally
2019-04-23 14:24:03,726 INFO supervisord started with pid 1
2019-04-23 14:24:04,729 INFO spawned: 'rails' with pid 16
2019-04-23 14:24:05,733 INFO success: rails entered RUNNING state, process has stayed up for > than 1 seconds (startsecs)
2019-04-23 14:28:24,422 WARN received SIGTERM indicating exit request
2019-04-23 14:28:24,423 INFO waiting for rails to die
2019-04-23 14:28:27,423 INFO waiting for rails to die
2019-04-23 14:28:30,424 INFO waiting for rails to die
2019-04-23 14:28:33,426 INFO waiting for rails to die
2019-04-23 14:28:34,424 WARN killing 'rails' (16) with SIGKILL
2019-04-23 14:28:34,446 INFO stopped: rails (terminated by SIGKILL)
2019-04-23 14:29:30,388 CRIT Set uid to user 0
2019-04-23 14:29:30,388 WARN For [program:rails], AUTO logging used for stderr_logfile without rollover, set maxbytes > 0 to avoid filling up filesystem unintentionally
2019-04-23 14:29:30,390 INFO supervisord started with pid 1
2019-04-23 14:29:31,396 INFO spawned: 'rails' with pid 10
2019-04-23 14:29:32,400 INFO success: rails entered RUNNING state, process has stayed up for > than 1 seconds (startsecs)
2019-04-23 14:44:23,898 INFO reaped unknown pid 262
2019-04-23 15:12:55,732 INFO reaped unknown pid 265
2019-04-23 15:15:06,764 INFO reaped unknown pid 966
